
Saber L-2016.03-SP1 Build 33 on 14-Nov-2016 Copyright (c) 1985-2016, Synopsys, 
Inc.
MAST L-2016.03-SP1 Build 33 on 14-Nov-2016 Copyright (c) 1985-2016, Synopsys, 
Inc.
Library L-2016.03-SP1 Build 33 on 14-Nov-2016 Copyright (c) 1985-2016, Synopsys,
 Inc.

     Searching for licenses ...
SABER_SIMULATOR:                 license.
Template mpv2type
Template info_types
Template mosfet_info
Template electric_enums
Template msp
Template dsp
Template cnlc
Template mpv2c
Template irff130
Template netlist
Loading dynamic libraries...
saber
Host pxe-111.imsmx.intern, x86_64 running Linux 3.10.0-862.14.4.el7.x86_64 Ver. 
#1 SMP Wed Sep 26 15:12:11 UTC 2018

vary /v.vgs from -4 to 8 by 0.48
dc
dt (pins all,siglist /irff130.dut_mos/id ,sweep /v.vds,swrange from -2 to 15 by 0.68
end
pushloop /v.vgs from -4 to 8 by 0.48 (serial 1, loopcmd vary)
pushalter
alter /v.vgs=-4
alter /v.vgs = -4
dc
execution time= 0 sec.
dt (pins all,siglist /irff130.dut_mos/id ,sweep /v.vds,swrange from -2 to 15 by 
0.68
execution time= 0 sec.
wdefpar (serial 1)
alter /v.vgs=-3.52
alter /v.vgs = -3.52
dc
execution time= 0.01 sec.
dt (pins all,siglist /irff130.dut_mos/id ,sweep /v.vds,swrange from -2 to 15 by 
0.68
execution time= 0.01 sec.
wdefpar (serial 1)
alter /v.vgs=-3.04
alter /v.vgs = -3.04
dc
execution time= 0 sec.
dt (pins all,siglist /irff130.dut_mos/id ,sweep /v.vds,swrange from -2 to 15 by 
0.68
execution time= 0 sec.
wdefpar (serial 1)
alter /v.vgs=-2.56
alter /v.vgs = -2.56
dc
execution time= 0 sec.
dt (pins all,siglist /irff130.dut_mos/id ,sweep /v.vds,swrange from -2 to 15 by 
0.68
execution time= 0.02 sec.
wdefpar (serial 1)
alter /v.vgs=-2.08
alter /v.vgs = -2.08
dc
execution time= 0 sec.
dt (pins all,siglist /irff130.dut_mos/id ,sweep /v.vds,swrange from -2 to 15 by 
0.68
execution time= 0 sec.
wdefpar (serial 1)
alter /v.vgs=-1.6
alter /v.vgs = -1.6
dc
execution time= 0 sec.
dt (pins all,siglist /irff130.dut_mos/id ,sweep /v.vds,swrange from -2 to 15 by 
0.68
execution time= 0.01 sec.
wdefpar (serial 1)
alter /v.vgs=-1.12
alter /v.vgs = -1.12
dc
execution time= 0 sec.
dt (pins all,siglist /irff130.dut_mos/id ,sweep /v.vds,swrange from -2 to 15 by 
0.68
execution time= 0 sec.
wdefpar (serial 1)
alter /v.vgs=-0.64
alter /v.vgs = -0.64
dc
execution time= 0.01 sec.
dt (pins all,siglist /irff130.dut_mos/id ,sweep /v.vds,swrange from -2 to 15 by 
0.68
execution time= 0 sec.
wdefpar (serial 1)
alter /v.vgs=-0.16
alter /v.vgs = -0.16
dc
execution time= 0 sec.
dt (pins all,siglist /irff130.dut_mos/id ,sweep /v.vds,swrange from -2 to 15 by 
0.68
execution time= 0.01 sec.
wdefpar (serial 1)
alter /v.vgs=0.32
alter /v.vgs = 0.32
dc
execution time= 0 sec.
dt (pins all,siglist /irff130.dut_mos/id ,sweep /v.vds,swrange from -2 to 15 by 
0.68
execution time= 0.01 sec.
wdefpar (serial 1)
alter /v.vgs=0.8
alter /v.vgs = 0.8
dc
execution time= 0 sec.
dt (pins all,siglist /irff130.dut_mos/id ,sweep /v.vds,swrange from -2 to 15 by 
0.68
execution time= 0 sec.
wdefpar (serial 1)
alter /v.vgs=1.28
alter /v.vgs = 1.28
dc
execution time= 0.01 sec.
dt (pins all,siglist /irff130.dut_mos/id ,sweep /v.vds,swrange from -2 to 15 by 
0.68
execution time= 0 sec.
wdefpar (serial 1)
alter /v.vgs=1.76
alter /v.vgs = 1.76
dc
execution time= 0.01 sec.
dt (pins all,siglist /irff130.dut_mos/id ,sweep /v.vds,swrange from -2 to 15 by 
0.68
execution time= 0 sec.
wdefpar (serial 1)
alter /v.vgs=2.24
alter /v.vgs = 2.24
dc
execution time= 0 sec.
dt (pins all,siglist /irff130.dut_mos/id ,sweep /v.vds,swrange from -2 to 15 by 
0.68
execution time= 0.01 sec.
wdefpar (serial 1)
alter /v.vgs=2.72
alter /v.vgs = 2.72
dc
execution time= 0 sec.
dt (pins all,siglist /irff130.dut_mos/id ,sweep /v.vds,swrange from -2 to 15 by 
0.68
execution time= 0 sec.
wdefpar (serial 1)
alter /v.vgs=3.2
alter /v.vgs = 3.2
dc
execution time= 0.01 sec.
dt (pins all,siglist /irff130.dut_mos/id ,sweep /v.vds,swrange from -2 to 15 by 
0.68
execution time= 0 sec.
wdefpar (serial 1)
alter /v.vgs=3.68
alter /v.vgs = 3.68
dc
execution time= 0.01 sec.
dt (pins all,siglist /irff130.dut_mos/id ,sweep /v.vds,swrange from -2 to 15 by 
0.68
execution time= 0 sec.
wdefpar (serial 1)
alter /v.vgs=4.16
alter /v.vgs = 4.16
dc
execution time= 0 sec.
dt (pins all,siglist /irff130.dut_mos/id ,sweep /v.vds,swrange from -2 to 15 by 
0.68
execution time= 0 sec.
wdefpar (serial 1)
alter /v.vgs=4.64
alter /v.vgs = 4.64
dc
execution time= 0.01 sec.
dt (pins all,siglist /irff130.dut_mos/id ,sweep /v.vds,swrange from -2 to 15 by 
0.68
execution time= 0 sec.
wdefpar (serial 1)
alter /v.vgs=5.12
alter /v.vgs = 5.12
dc
execution time= 0 sec.
dt (pins all,siglist /irff130.dut_mos/id ,sweep /v.vds,swrange from -2 to 15 by 
0.68
execution time= 0 sec.
wdefpar (serial 1)
alter /v.vgs=5.6
alter /v.vgs = 5.6
dc
execution time= 0 sec.
dt (pins all,siglist /irff130.dut_mos/id ,sweep /v.vds,swrange from -2 to 15 by 
0.68
execution time= 0.01 sec.
wdefpar (serial 1)
alter /v.vgs=6.08
alter /v.vgs = 6.08
dc
execution time= 0 sec.
dt (pins all,siglist /irff130.dut_mos/id ,sweep /v.vds,swrange from -2 to 15 by 
0.68
execution time= 0 sec.
wdefpar (serial 1)
alter /v.vgs=6.56
alter /v.vgs = 6.56
dc
execution time= 0 sec.
dt (pins all,siglist /irff130.dut_mos/id ,sweep /v.vds,swrange from -2 to 15 by 
0.68
execution time= 0.01 sec.
wdefpar (serial 1)
alter /v.vgs=7.04
alter /v.vgs = 7.04
dc
execution time= 0 sec.
dt (pins all,siglist /irff130.dut_mos/id ,sweep /v.vds,swrange from -2 to 15 by 
0.68
execution time= 0 sec.
wdefpar (serial 1)
alter /v.vgs=7.52
alter /v.vgs = 7.52
dc
execution time= 0 sec.
dt (pins all,siglist /irff130.dut_mos/id ,sweep /v.vds,swrange from -2 to 15 by 
0.68
execution time= 0.01 sec.
wdefpar (serial 1)
alter /v.vgs=8
alter /v.vgs = 8
dc
execution time= 0 sec.
dt (pins all,siglist /irff130.dut_mos/id ,sweep /v.vds,swrange from -2 to 15 by 
0.68
execution time= 0 sec.
wdefpar (serial 1)
popalter
poploop

quit
netlist: total CPU execution time= 0.5 sec.

