Mdi:ArrangeIcons
wm geometry . 900x785+-10+78
Mdi:ArrangeIcons
wm geometry . 900x785+13+80
Mdi:ArrangeIcons
wm geometry . 900x785+40+83
Mdi:ArrangeIcons
wm geometry . 900x785+85+88
Mdi:ArrangeIcons
wm geometry . 900x785+142+95
Mdi:ArrangeIcons
wm geometry . 900x785+219+102
Mdi:ArrangeIcons
wm geometry . 900x785+296+109
Mdi:ArrangeIcons
wm geometry . 900x785+379+116
Mdi:ArrangeIcons
wm geometry . 900x785+477+125
Mdi:ArrangeIcons
wm geometry . 900x785+583+132
Mdi:ArrangeIcons
wm geometry . 900x785+767+146
Mdi:ArrangeIcons
wm geometry . 900x785+894+154
Mdi:ArrangeIcons
wm geometry . 900x785+1023+163
Mdi:ArrangeIcons
wm geometry . 900x785+1153+173
Mdi:ArrangeIcons
wm geometry . 900x785+1284+182
Mdi:ArrangeIcons
wm geometry . 900x785+1410+192
Mdi:ArrangeIcons
wm geometry . 900x785+1533+203
Mdi:ArrangeIcons
wm geometry . 900x785+1642+215
Mdi:ArrangeIcons
wm geometry . 900x785+1744+225
Mdi:ArrangeIcons
wm geometry . 900x785+1836+235
Mdi:ArrangeIcons
wm geometry . 900x785+1913+247
Mdi:ArrangeIcons
wm geometry . 900x785+1996+259
Mdi:ArrangeIcons
wm geometry . 900x785+2013+262
Mdi:ArrangeIcons
wm geometry . 900x785+2013+263
Mdi:ArrangeIcons
wm geometry . 900x785+2011+264
Mdi:ArrangeIcons
wm geometry . 900x785+2008+265
Mdi:ArrangeIcons
wm geometry . 900x785+2003+266
Mdi:ArrangeIcons
wm geometry . 900x785+1995+267
Mdi:ArrangeIcons
wm geometry . 900x785+1987+267
Mdi:ArrangeIcons
wm geometry . 900x785+1973+266
Mdi:ArrangeIcons
wm geometry . 900x785+1963+265
Mdi:ArrangeIcons
wm geometry . 900x785+1955+265
Mdi:ArrangeIcons
wm geometry . 900x785+1949+263
Mdi:ArrangeIcons
wm geometry . 900x785+1946+262
Graph:Select Graph0
Graph:DSel 0
Graph:DSel 0
Mdi:ArrangeIcons
wm geometry . 900x785+1947+263
Mdi:ArrangeIcons
wm geometry . 900x785+1949+264
Mdi:ArrangeIcons
wm geometry . 900x785+1952+267
Mdi:ArrangeIcons
wm geometry . 900x785+1957+272
Mdi:ArrangeIcons
wm geometry . 900x785+1965+278
Mdi:ArrangeIcons
wm geometry . 900x785+1978+286
Mdi:ArrangeIcons
wm geometry . 900x785+2006+299
Mdi:ArrangeIcons
wm geometry . 900x785+2045+314
Mdi:ArrangeIcons
wm geometry . 900x785+2101+326
Mdi:ArrangeIcons
wm geometry . 900x785+2198+346
Mdi:ArrangeIcons
wm geometry . 900x785+2275+356
Mdi:ArrangeIcons
wm geometry . 900x785+2360+364
Mdi:ArrangeIcons
wm geometry . 900x785+2448+367
Mdi:ArrangeIcons
wm geometry . 900x785+2530+371
Mdi:ArrangeIcons
wm geometry . 900x785+2601+374
Mdi:ArrangeIcons
wm geometry . 900x785+2656+374
Mdi:ArrangeIcons
wm geometry . 900x785+2691+374
Mdi:ArrangeIcons
wm geometry . 900x785+2708+377
Mdi:ArrangeIcons
wm geometry . 900x785+2714+379
Mdi:ArrangeIcons
wm geometry . 900x785+2716+380
Mdi:ArrangeIcons
wm geometry . 900x785+2717+383
Mdi:ArrangeIcons
wm geometry . 900x785+2719+388
Mdi:ArrangeIcons
wm geometry . 900x785+2720+394
Mdi:ArrangeIcons
wm geometry . 900x785+2720+401
Mdi:ArrangeIcons
wm geometry . 900x785+2720+409
Mdi:ArrangeIcons
wm geometry . 900x785+2719+418
Mdi:ArrangeIcons
wm geometry . 900x785+2716+428
Mdi:ArrangeIcons
wm geometry . 900x785+2710+442
Mdi:ArrangeIcons
wm geometry . 900x785+2707+457
Mdi:ArrangeIcons
wm geometry . 900x785+2702+479
Mdi:ArrangeIcons
wm geometry . 900x785+2697+502
Mdi:ArrangeIcons
wm geometry . 900x785+2689+527
Mdi:ArrangeIcons
wm geometry . 900x785+2679+553
Mdi:ArrangeIcons
wm geometry . 900x785+2664+593
Mdi:ArrangeIcons
wm geometry . 900x785+2653+620
Mdi:ArrangeIcons
wm geometry . 900x785+2642+648
Mdi:ArrangeIcons
wm geometry . 900x785+2611+705
Mdi:ArrangeIcons
wm geometry . 900x785+2606+708
Mdi:ArrangeIcons
wm geometry . 900x785+2605+709
Mdi:ArrangeIcons
wm geometry . 900x785+2602+709
Mdi:ArrangeIcons
wm geometry . 900x785+2597+705
Mdi:ArrangeIcons
wm geometry . 900x785+2583+691
Mdi:ArrangeIcons
wm geometry . 900x785+2564+674
Mdi:ArrangeIcons
wm geometry . 900x785+2528+638
Mdi:ArrangeIcons
wm geometry . 900x785+2501+613
Mdi:ArrangeIcons
wm geometry . 900x785+2468+587
Mdi:ArrangeIcons
wm geometry . 900x785+2431+563
Mdi:ArrangeIcons
wm geometry . 900x785+2399+541
Mdi:ArrangeIcons
wm geometry . 900x785+2366+528
Mdi:ArrangeIcons
wm geometry . 900x785+2345+519
Mdi:ArrangeIcons
wm geometry . 900x785+2329+516
Mdi:ArrangeIcons
wm geometry . 900x785+2323+516
Mdi:ArrangeIcons
wm geometry . 900x785+2321+516
Mdi:ArrangeIcons
wm geometry . 900x785+2320+516
Mdi:ArrangeIcons
wm geometry . 900x785+2319+518
Mdi:ArrangeIcons
wm geometry . 900x785+2317+521
Mdi:ArrangeIcons
wm geometry . 900x785+2315+525
Mdi:ArrangeIcons
wm geometry . 900x785+2312+528
Mdi:ArrangeIcons
wm geometry . 900x785+2310+533
Mdi:ArrangeIcons
wm geometry . 900x785+2307+537
Mdi:ArrangeIcons
wm geometry . 900x785+2305+540
Mdi:ArrangeIcons
wm geometry . 900x785+2302+545
Mdi:ArrangeIcons
wm geometry . 900x785+2299+550
Mdi:ArrangeIcons
wm geometry . 900x785+2297+555
Mdi:ArrangeIcons
wm geometry . 900x785+2294+561
Mdi:ArrangeIcons
wm geometry . 900x785+2292+565
Mdi:ArrangeIcons
wm geometry . 900x785+2290+569
Mdi:ArrangeIcons
wm geometry . 900x785+2287+576
Mdi:ArrangeIcons
wm geometry . 900x785+2285+579
Mdi:ArrangeIcons
wm geometry . 900x785+2284+583
Mdi:ArrangeIcons
wm geometry . 900x785+2282+587
Mdi:ArrangeIcons
wm geometry . 900x785+2281+591
Mdi:ArrangeIcons
wm geometry . 900x785+2279+594
Mdi:ArrangeIcons
wm geometry . 900x785+2278+598
Mdi:ArrangeIcons
wm geometry . 900x785+2276+601
Mdi:ArrangeIcons
wm geometry . 900x785+2275+605
Mdi:ArrangeIcons
wm geometry . 900x785+2274+607
Mdi:ArrangeIcons
wm geometry . 900x785+2273+610
Mdi:ArrangeIcons
wm geometry . 900x785+2272+612
Mdi:ArrangeIcons
wm geometry . 900x785+2270+616
Mdi:ArrangeIcons
wm geometry . 900x785+2269+618
Mdi:ArrangeIcons
wm geometry . 900x785+2268+620
Mdi:ArrangeIcons
wm geometry . 900x785+2267+622
Mdi:ArrangeIcons
wm geometry . 900x785+2266+624
Mdi:ArrangeIcons
wm geometry . 900x785+2265+626
Mdi:ArrangeIcons
wm geometry . 900x785+2264+628
Mdi:ArrangeIcons
wm geometry . 900x785+2263+630
Mdi:ArrangeIcons
wm geometry . 900x785+2262+632
Mdi:ArrangeIcons
wm geometry . 900x785+2261+633
Mdi:ArrangeIcons
wm geometry . 900x785+2261+635
Mdi:ArrangeIcons
wm geometry . 900x785+2260+636
Mdi:ArrangeIcons
wm geometry . 900x785+2260+637
Mdi:ArrangeIcons
wm geometry . 900x785+2259+638
Mdi:ArrangeIcons
wm geometry . 900x785+2259+640
Mdi:ArrangeIcons
wm geometry . 900x785+2258+642
Mdi:ArrangeIcons
wm geometry . 900x785+2258+643
Mdi:ArrangeIcons
wm geometry . 900x785+2257+644
Mdi:ArrangeIcons
wm geometry . 900x785+2257+645
Mdi:ArrangeIcons
wm geometry . 900x785+2257+646
Mdi:ArrangeIcons
wm geometry . 900x785+2257+647
Mdi:ArrangeIcons
wm geometry . 900x785+2256+649
Mdi:ArrangeIcons
wm geometry . 900x785+2256+650
Mdi:ArrangeIcons
wm geometry . 900x785+2256+651
Mdi:ArrangeIcons
wm geometry . 900x785+2256+652
Mdi:ArrangeIcons
wm geometry . 900x785+2255+653
Mdi:ArrangeIcons
wm geometry . 900x785+2255+655
Mdi:ArrangeIcons
wm geometry . 900x785+2255+657
Mdi:ArrangeIcons
wm geometry . 900x785+2254+658
Mdi:ArrangeIcons
wm geometry . 900x785+2254+660
Mdi:ArrangeIcons
wm geometry . 900x785+2254+661
Mdi:ArrangeIcons
wm geometry . 900x785+2253+662
Mdi:ArrangeIcons
wm geometry . 900x785+2253+663
Mdi:ArrangeIcons
wm geometry . 900x785+2253+664
Mdi:ArrangeIcons
wm geometry . 900x785+2252+665
Mdi:ArrangeIcons
wm geometry . 900x785+2252+666
Mdi:ArrangeIcons
wm geometry . 900x785+2251+668
Mdi:ArrangeIcons
wm geometry . 900x785+2251+669
Mdi:ArrangeIcons
wm geometry . 900x785+2251+670
Mdi:ArrangeIcons
wm geometry . 900x785+2251+671
Mdi:ArrangeIcons
wm geometry . 900x785+2250+673
Mdi:ArrangeIcons
wm geometry . 900x785+2250+675
Mdi:ArrangeIcons
wm geometry . 900x785+2250+676
Mdi:ArrangeIcons
wm geometry . 900x785+2249+677
Mdi:ArrangeIcons
wm geometry . 900x785+2249+678
Mdi:ArrangeIcons
wm geometry . 900x785+2249+679
Mdi:ArrangeIcons
wm geometry . 900x785+2249+680
Mdi:ArrangeIcons
wm geometry . 900x785+2249+682
Mdi:ArrangeIcons
wm geometry . 900x785+2248+683
Mdi:ArrangeIcons
wm geometry . 900x785+2248+684
Mdi:ArrangeIcons
wm geometry . 900x785+2248+685
Mdi:ArrangeIcons
wm geometry . 900x785+2248+686
Mdi:ArrangeIcons
wm geometry . 900x785+2247+687
Mdi:ArrangeIcons
wm geometry . 900x785+2247+689
Mdi:ArrangeIcons
wm geometry . 900x785+2248+696
Mdi:ArrangeIcons
wm geometry . 900x785+2251+705
Mdi:ArrangeIcons
wm geometry . 900x785+2256+729
Mdi:ArrangeIcons
wm geometry . 900x785+2266+763
Mdi:ArrangeIcons
wm geometry . 900x785+2280+808
Mdi:ArrangeIcons
wm geometry . 900x785+2297+860
Mdi:ArrangeIcons
wm geometry . 900x785+2315+914
Mdi:ArrangeIcons
wm geometry . 900x785+2344+1009
Mdi:ArrangeIcons
wm geometry . 900x785+2366+1074
Mdi:ArrangeIcons
wm geometry . 900x785+2382+1135
Mdi:ArrangeIcons
wm geometry . 900x785+2398+1186
Mdi:ArrangeIcons
wm geometry . 900x785+2408+1222
Mdi:ArrangeIcons
wm geometry . 900x785+2413+1242
Mdi:ArrangeIcons
wm geometry . 900x785+2415+1250
Mdi:ArrangeIcons
wm geometry . 900x785+2415+1251
Mdi:ArrangeIcons
wm geometry . 900x785+2415+1252
Mdi:ArrangeIcons
wm geometry . 900x785+2415+1253
Mdi:ArrangeIcons
wm geometry . 900x785+2415+1254
Mdi:ArrangeIcons
wm geometry . 900x785+2415+1255
Mdi:ArrangeIcons
wm geometry . 900x785+2415+1256
Mdi:ArrangeIcons
wm geometry . 900x785+2415+1257
Mdi:ArrangeIcons
wm geometry . 900x785+2415+1258
Mdi:ArrangeIcons
wm geometry . 900x785+2415+1259
Mdi:ArrangeIcons
wm geometry . 900x785+2414+1260
Mdi:ArrangeIcons
wm geometry . 900x785+2414+1261
Mdi:ArrangeIcons
wm geometry . 900x785+2414+1262
Mdi:ArrangeIcons
wm geometry . 900x785+2414+1263
Mdi:ArrangeIcons
wm geometry . 900x785+2414+1264
Mdi:ArrangeIcons
wm geometry . 900x785+2413+1263
Mdi:ArrangeIcons
wm geometry . 900x785+2413+1261
Mdi:ArrangeIcons
wm geometry . 900x785+2412+1257
Mdi:ArrangeIcons
wm geometry . 900x785+2412+1251
Mdi:ArrangeIcons
wm geometry . 900x785+2412+1244
Mdi:ArrangeIcons
wm geometry . 900x785+2412+1235
Mdi:ArrangeIcons
wm geometry . 900x785+2413+1225
Mdi:ArrangeIcons
wm geometry . 900x785+2413+1211
Mdi:ArrangeIcons
wm geometry . 900x785+2412+1200
Mdi:ArrangeIcons
wm geometry . 900x785+2408+1182
Mdi:ArrangeIcons
wm geometry . 900x785+2407+1167
Mdi:ArrangeIcons
wm geometry . 900x785+2405+1155
Mdi:ArrangeIcons
wm geometry . 900x785+2403+1145
Mdi:ArrangeIcons
wm geometry . 900x785+2403+1142
Mdi:ArrangeIcons
wm geometry . 900x785+2402+1141
Mdi:ArrangeIcons
wm geometry . 900x785+2402+1140
Mdi:ArrangeIcons
wm geometry . 900x785+2402+1138
Mdi:ArrangeIcons
wm geometry . 900x785+2401+1135
Mdi:ArrangeIcons
wm geometry . 900x785+2400+1131
Mdi:ArrangeIcons
wm geometry . 900x785+2399+1126
Mdi:ArrangeIcons
wm geometry . 900x785+2398+1120
Mdi:ArrangeIcons
wm geometry . 900x785+2396+1115
Mdi:ArrangeIcons
wm geometry . 900x785+2395+1109
Mdi:ArrangeIcons
wm geometry . 900x785+2394+1103
Mdi:ArrangeIcons
wm geometry . 900x785+2393+1100
Mdi:ArrangeIcons
wm geometry . 900x785+2393+1099
Mdi:ArrangeIcons
wm geometry . 900x785+2393+1098
Mdi:ArrangeIcons
wm geometry . 900x785+2393+1097
Mdi:ArrangeIcons
wm geometry . 900x785+2392+1096
Mdi:ArrangeIcons
wm geometry . 900x785+2392+1095
Mdi:ArrangeIcons
wm geometry . 900x785+2391+1094
Mdi:ArrangeIcons
wm geometry . 900x785+2390+1093
Mdi:ArrangeIcons
wm geometry . 900x785+2389+1092
Mdi:ArrangeIcons
wm geometry . 900x785+2386+1090
Mdi:ArrangeIcons
wm geometry . 900x785+2382+1087
Mdi:ArrangeIcons
wm geometry . 900x785+2378+1085
Mdi:ArrangeIcons
wm geometry . 900x785+2373+1083
Mdi:ArrangeIcons
wm geometry . 900x785+2369+1080
Mdi:ArrangeIcons
wm geometry . 900x785+2364+1077
Mdi:ArrangeIcons
wm geometry . 900x785+2360+1074
Mdi:ArrangeIcons
wm geometry . 900x785+2354+1071
Mdi:ArrangeIcons
wm geometry . 900x785+2348+1068
Mdi:ArrangeIcons
wm geometry . 900x785+2342+1065
Mdi:ArrangeIcons
wm geometry . 900x785+2336+1062
Mdi:ArrangeIcons
wm geometry . 900x785+2331+1060
Mdi:ArrangeIcons
wm geometry . 900x785+2326+1057
Mdi:ArrangeIcons
wm geometry . 900x785+2317+1054
Mdi:ArrangeIcons
wm geometry . 900x785+2311+1051
Mdi:ArrangeIcons
wm geometry . 900x785+2306+1050
Mdi:ArrangeIcons
wm geometry . 900x785+2301+1049
Mdi:ArrangeIcons
wm geometry . 900x785+2299+1047
Mdi:ArrangeIcons
wm geometry . 900x785+2298+1047
Mdi:ArrangeIcons
wm geometry . 900x785+2297+1047
Mdi:ArrangeIcons
wm geometry . 900x785+2296+1047
Mdi:ArrangeIcons
wm geometry . 900x785+2295+1047
AimCalc
AimBarItem:Hide .aimCalc
wm withdraw .aimCalcConstForm
wm geometry .aimCalc 310x303+2645+1405
AimBarItem:Show .aimCalc
wm geometry .aimCalc 310x303+2885+1362
AimBarItem:Hide .aimCalc
wm withdraw .aimCalcConstForm
wm geometry .sigmgr 376x204+2655+1413
wm geometry .sigmgr 376x204+2819+1171
Mdi:ArrangeIcons
wm geometry . 3840x2032+-1+27
Mdi:ArrangeIcons
wm geometry . 900x785+474+20
Mdi:ArrangeIcons
wm geometry . 900x785+549+71
Mdi:ArrangeIcons
wm geometry . 900x785+549+72
Mdi:ArrangeIcons
wm geometry . 900x785+550+74
Mdi:ArrangeIcons
wm geometry . 900x785+551+76
Mdi:ArrangeIcons
wm geometry . 900x785+552+80
Mdi:ArrangeIcons
wm geometry . 900x785+553+85
Mdi:ArrangeIcons
wm geometry . 900x785+556+89
Mdi:ArrangeIcons
wm geometry . 900x785+557+95
Mdi:ArrangeIcons
wm geometry . 900x785+560+100
Mdi:ArrangeIcons
wm geometry . 900x785+563+106
Mdi:ArrangeIcons
wm geometry . 900x785+567+112
Mdi:ArrangeIcons
wm geometry . 900x785+575+124
Mdi:ArrangeIcons
wm geometry . 900x785+582+132
Mdi:ArrangeIcons
wm geometry . 900x785+592+145
Mdi:ArrangeIcons
wm geometry . 900x785+603+160
Mdi:ArrangeIcons
wm geometry . 900x785+617+175
Mdi:ArrangeIcons
wm geometry . 900x785+634+197
Mdi:ArrangeIcons
wm geometry . 900x785+654+225
Mdi:ArrangeIcons
wm geometry . 900x785+678+258
Mdi:ArrangeIcons
wm geometry . 900x785+703+298
Mdi:ArrangeIcons
wm geometry . 900x785+731+340
Mdi:ArrangeIcons
wm geometry . 900x785+763+386
Mdi:ArrangeIcons
wm geometry . 900x785+819+456
Mdi:ArrangeIcons
wm geometry . 900x785+858+498
Mdi:ArrangeIcons
wm geometry . 900x785+890+527
Mdi:ArrangeIcons
wm geometry . 900x785+915+544
Mdi:ArrangeIcons
wm geometry . 900x785+927+549
Mdi:ArrangeIcons
wm geometry . 900x785+929+549
Mdi:ArrangeIcons
wm geometry . 900x785+930+548
Mdi:ArrangeIcons
wm geometry . 900x785+930+545
Mdi:ArrangeIcons
wm geometry . 900x785+930+543
Mdi:ArrangeIcons
wm geometry . 900x785+929+540
Mdi:ArrangeIcons
wm geometry . 900x785+926+537
Mdi:ArrangeIcons
wm geometry . 900x785+925+538
Mdi:ArrangeIcons
wm geometry . 900x785+924+538
Mdi:ArrangeIcons
wm geometry . 900x785+923+538
Mdi:ArrangeIcons
wm geometry . 900x785+922+539
Mdi:ArrangeIcons
wm geometry . 900x785+921+540
Mdi:ArrangeIcons
wm geometry . 900x785+920+541
Mdi:ArrangeIcons
wm geometry . 900x785+919+541
Mdi:ArrangeIcons
wm geometry . 900x785+918+541
Mdi:ArrangeIcons
wm geometry . 900x785+917+541
Mdi:ArrangeIcons
wm geometry . 900x785+916+542
Mdi:ArrangeIcons
wm geometry . 900x785+915+542
Mdi:ArrangeIcons
wm geometry . 900x785+914+542
Mdi:ArrangeIcons
wm geometry . 900x785+913+543
Mdi:ArrangeIcons
wm geometry . 900x785+912+544
Mdi:ArrangeIcons
wm geometry . 900x785+912+545
Mdi:ArrangeIcons
wm geometry . 900x785+912+546
Mdi:ArrangeIcons
wm geometry . 900x785+912+547
Mdi:ArrangeIcons
wm geometry . 900x785+912+549
Mdi:ArrangeIcons
wm geometry . 900x785+912+550
Mdi:ArrangeIcons
wm geometry . 900x785+912+551
Mdi:ArrangeIcons
wm geometry . 900x785+912+553
Mdi:ArrangeIcons
wm geometry . 900x785+912+554
Mdi:ArrangeIcons
wm geometry . 900x785+913+556
Mdi:ArrangeIcons
wm geometry . 900x785+914+557
Mdi:ArrangeIcons
wm geometry . 900x785+915+558
Mdi:ArrangeIcons
wm geometry . 900x785+916+559
Mdi:ArrangeIcons
wm geometry . 900x785+917+560
Mdi:ArrangeIcons
wm geometry . 900x785+918+561
Mdi:ArrangeIcons
wm geometry . 900x785+919+562
Mdi:ArrangeIcons
wm geometry . 900x785+920+562
Mdi:ArrangeIcons
wm geometry . 900x785+921+563
Mdi:ArrangeIcons
wm geometry . 900x785+922+563
Mdi:ArrangeIcons
wm geometry . 900x785+923+564
Mdi:ArrangeIcons
wm geometry . 900x785+924+565
Mdi:ArrangeIcons
wm geometry . 900x785+926+566
Mdi:ArrangeIcons
wm geometry . 900x785+928+568
Mdi:ArrangeIcons
wm geometry . 900x785+931+569
Mdi:ArrangeIcons
wm geometry . 900x785+934+572
Mdi:ArrangeIcons
wm geometry . 900x785+939+574
Mdi:ArrangeIcons
wm geometry . 900x785+944+578
Mdi:ArrangeIcons
wm geometry . 900x785+951+582
Mdi:ArrangeIcons
wm geometry . 900x785+959+588
Mdi:ArrangeIcons
wm geometry . 900x785+972+595
Mdi:ArrangeIcons
wm geometry . 900x785+993+607
Mdi:ArrangeIcons
wm geometry . 900x785+1016+620
Mdi:ArrangeIcons
wm geometry . 900x785+1060+640
Mdi:ArrangeIcons
wm geometry . 900x785+1091+655
Mdi:ArrangeIcons
wm geometry . 900x785+1133+669
Mdi:ArrangeIcons
wm geometry . 900x785+1180+681
Mdi:ArrangeIcons
wm geometry . 900x785+1230+694
Mdi:ArrangeIcons
wm geometry . 900x785+1271+708
Mdi:ArrangeIcons
wm geometry . 900x785+1344+718
Mdi:ArrangeIcons
wm geometry . 900x785+1413+733
Mdi:ArrangeIcons
wm geometry . 900x785+1484+748
Mdi:ArrangeIcons
wm geometry . 900x785+1558+759
Mdi:ArrangeIcons
wm geometry . 900x785+1633+769
Mdi:ArrangeIcons
wm geometry . 900x785+1710+778
Mdi:ArrangeIcons
wm geometry . 900x785+1829+791
Mdi:ArrangeIcons
wm geometry . 900x785+1909+800
Mdi:ArrangeIcons
wm geometry . 900x785+1974+807
Mdi:ArrangeIcons
wm geometry . 900x785+2027+810
Mdi:ArrangeIcons
wm geometry . 900x785+2065+810
Mdi:ArrangeIcons
wm geometry . 900x785+2090+810
Mdi:ArrangeIcons
wm geometry . 900x785+2103+806
Mdi:ArrangeIcons
wm geometry . 900x785+2108+804
Mdi:ArrangeIcons
wm geometry . 900x785+2111+801
Mdi:ArrangeIcons
wm geometry . 900x785+2114+799
Mdi:ArrangeIcons
wm geometry . 900x785+2118+796
Mdi:ArrangeIcons
wm geometry . 900x785+2121+793
Mdi:ArrangeIcons
wm geometry . 900x785+2124+791
Mdi:ArrangeIcons
wm geometry . 900x785+2127+790
Mdi:ArrangeIcons
wm geometry . 900x785+2129+790
Mdi:ArrangeIcons
wm geometry . 900x785+2131+789
Mdi:ArrangeIcons
wm geometry . 900x785+2135+789
Mdi:ArrangeIcons
wm geometry . 900x785+2138+789
Mdi:ArrangeIcons
wm geometry . 900x785+2143+789
Mdi:ArrangeIcons
wm geometry . 900x785+2147+789
Mdi:ArrangeIcons
wm geometry . 900x785+2152+788
Mdi:ArrangeIcons
wm geometry . 900x785+2158+787
Mdi:ArrangeIcons
wm geometry . 900x785+2164+785
Mdi:ArrangeIcons
wm geometry . 900x785+2172+782
Mdi:ArrangeIcons
wm geometry . 900x785+2184+777
Mdi:ArrangeIcons
wm geometry . 900x785+2193+773
Mdi:ArrangeIcons
wm geometry . 900x785+2202+768
Mdi:ArrangeIcons
wm geometry . 900x785+2216+760
Mdi:ArrangeIcons
wm geometry . 900x785+2231+752
Mdi:ArrangeIcons
wm geometry . 900x785+2245+743
Mdi:ArrangeIcons
wm geometry . 900x785+2257+735
Mdi:ArrangeIcons
wm geometry . 900x785+2267+731
Mdi:ArrangeIcons
wm geometry . 900x785+2275+727
Mdi:ArrangeIcons
wm geometry . 900x785+2278+725
Mdi:ArrangeIcons
wm geometry . 900x785+2280+723
Mdi:ArrangeIcons
wm geometry . 900x785+2282+721
Mdi:ArrangeIcons
wm geometry . 900x785+2284+719
Mdi:ArrangeIcons
wm geometry . 900x785+2286+716
Mdi:ArrangeIcons
wm geometry . 900x785+2287+713
Mdi:ArrangeIcons
wm geometry . 900x785+2289+710
Mdi:ArrangeIcons
wm geometry . 900x785+2290+706
Mdi:ArrangeIcons
wm geometry . 900x785+2292+701
Mdi:ArrangeIcons
wm geometry . 900x785+2293+694
Mdi:ArrangeIcons
wm geometry . 900x785+2294+688
Mdi:ArrangeIcons
wm geometry . 900x785+2296+680
Mdi:ArrangeIcons
wm geometry . 900x785+2298+672
Mdi:ArrangeIcons
wm geometry . 900x785+2299+664
Mdi:ArrangeIcons
wm geometry . 900x785+2301+656
Mdi:ArrangeIcons
wm geometry . 900x785+2302+644
Mdi:ArrangeIcons
wm geometry . 900x785+2303+637
Mdi:ArrangeIcons
wm geometry . 900x785+2305+631
Mdi:ArrangeIcons
wm geometry . 900x785+2306+627
Mdi:ArrangeIcons
wm geometry . 900x785+2307+623
Mdi:ArrangeIcons
wm geometry . 900x785+2309+619
Mdi:ArrangeIcons
wm geometry . 900x785+2310+616
Mdi:ArrangeIcons
wm geometry . 900x785+2311+614
Mdi:ArrangeIcons
wm geometry . 900x785+2312+611
Mdi:ArrangeIcons
wm geometry . 900x785+2313+609
Mdi:ArrangeIcons
wm geometry . 900x785+2314+607
Mdi:ArrangeIcons
wm geometry . 900x785+2315+606
Mdi:ArrangeIcons
wm geometry . 900x785+2316+604
Mdi:ArrangeIcons
wm geometry . 900x785+2316+605
Mdi:ArrangeIcons
wm geometry . 900x785+2316+607
Mdi:ArrangeIcons
wm geometry . 900x785+2315+608
Mdi:ArrangeIcons
wm geometry . 900x785+2315+610
Mdi:ArrangeIcons
wm geometry . 900x785+2315+611
Mdi:ArrangeIcons
wm geometry . 900x785+2314+611
Graph:DSel
GrXY:NewGraph
# Graph1
Graph:Select Graph1
Graph:DSel 0
Graph:DSel
Mdi:ArrangeIcons
wm geometry . 900x785+2315+611
Mdi:ArrangeIcons
wm geometry . 900x785+2319+610
Mdi:ArrangeIcons
wm geometry . 900x785+2330+610
Mdi:ArrangeIcons
wm geometry . 900x785+2367+610
Mdi:ArrangeIcons
wm geometry . 900x785+2423+612
Mdi:ArrangeIcons
wm geometry . 900x785+2514+612
Mdi:ArrangeIcons
wm geometry . 900x785+2559+607
Mdi:ArrangeIcons
wm geometry . 900x785+2590+604
Mdi:ArrangeIcons
wm geometry . 900x785+2595+602
